<?xml version="1.0" encoding="UTF-8"?>
<!-- Generated by org.testng.reporters.JUnitReportReporter -->
<testsuite hostname="E8WPO9ZF7HLPHVE" failures="0" tests="1" name="pres.auxiliary.work.n.testcase.TestCaseTempletTest" time="1.060" errors="0" timestamp="18 Feb 2020 14:19:02 GMT">
  <testcase classname="pres.auxiliary.work.n.testcase.TestCaseTempletTest" name="createTest" time="1.060"/>
</testsuite> <!-- pres.auxiliary.work.n.testcase.TestCaseTempletTest -->
