<?xml version="1.0" encoding="UTF-8"?>
<!-- Generated by org.testng.reporters.JUnitReportReporter -->
<testsuite hostname="PC-201912312328" failures="0" tests="1" name="pres.auxiliary.work.testcase.WriteTestCaseTest_WriteCase" time="0.054" errors="0" timestamp="2020-03-01T17:05:52 CST" skipped="0">
  <testcase classname="pres.auxiliary.work.testcase.WriteTestCaseTest_WriteCase" name="step_01" time="0.054"/>
</testsuite> <!-- pres.auxiliary.work.testcase.WriteTestCaseTest_WriteCase -->
