<?xml version="1.0" encoding="UTF-8"?>
<!-- Generated by org.testng.reporters.JUnitReportReporter -->
<testsuite hostname="E8WPO9ZF7HLPHVE" failures="0" tests="1" name="pres.auxiliary.work.testcase.WriteTestCaseTest" time="0.016" errors="0" timestamp="3 Mar 2020 00:04:54 GMT">
  <testcase classname="pres.auxiliary.work.testcase.WriteTestCaseTest" name="addTitleTest" time="0.016"/>
</testsuite> <!-- pres.auxiliary.work.testcase.WriteTestCaseTest -->
