<?xml version="1.0" encoding="UTF-8"?>
<!-- Generated by org.testng.reporters.JUnitReportReporter -->
<testsuite hostname="E8WPO9ZF7HLPHVE" failures="0" tests="7" name="pres.auxiliary.work.n.testcase.WriteTestCaseTest" time="0.031" errors="0" timestamp="20 Feb 2020 15:33:03 GMT">
  <testcase classname="pres.auxiliary.work.n.testcase.WriteTestCaseTest" name="addContextTest" time="0.000"/>
  <testcase classname="pres.auxiliary.work.n.testcase.WriteTestCaseTest" name="addPreconditionTest" time="0.000"/>
  <testcase classname="pres.auxiliary.work.n.testcase.WriteTestCaseTest" name="addRankTest_NotData" time="0.000"/>
  <testcase classname="pres.auxiliary.work.n.testcase.WriteTestCaseTest" name="setRankTest" time="0.000"/>
  <testcase classname="pres.auxiliary.work.n.testcase.WriteTestCaseTest" name="addTitleTest" time="0.000"/>
  <testcase classname="pres.auxiliary.work.n.testcase.WriteTestCaseTest" name="addStepTest" time="0.016"/>
  <testcase classname="pres.auxiliary.work.n.testcase.WriteTestCaseTest" name="addExceptTest" time="0.015"/>
</testsuite> <!-- pres.auxiliary.work.n.testcase.WriteTestCaseTest -->
