<?xml version="1.0" encoding="UTF-8"?>
<!-- Generated by org.testng.reporters.JUnitReportReporter -->
<testsuite hostname="PC-201912312328" failures="0" tests="16" name="pres.auxiliary.work.testcase.WriteTestCaseTest" time="0.724" errors="0" timestamp="2020-03-01T11:16:41 CST" skipped="1">
  <testcase classname="pres.auxiliary.work.testcase.WriteTestCaseTest" name="markTextTest" time="0.028"/>
  <testcase classname="pres.auxiliary.work.testcase.WriteTestCaseTest" name="markTest" time="0.108"/>
  <testcase classname="pres.auxiliary.work.testcase.WriteTestCaseTest" name="markFieldTest" time="0.077"/>
  <testcase classname="pres.auxiliary.work.testcase.WriteTestCaseTest" name="addTitleTest" time="0.035"/>
  <testcase classname="pres.auxiliary.work.testcase.WriteTestCaseTest" name="markStepAndExceptTest" time="0.034"/>
  <testcase classname="pres.auxiliary.work.testcase.WriteTestCaseTest" name="addPreconditionTest" time="0.026"/>
  <testcase classname="pres.auxiliary.work.testcase.WriteTestCaseTest" name="addRankTest_NotData" time="0.038"/>
  <testcase classname="pres.auxiliary.work.testcase.WriteTestCaseTest" name="setRankTest" time="0.024"/>
  <testcase classname="pres.auxiliary.work.testcase.WriteTestCaseTest" name="addStepTest" time="0.109"/>
  <testcase classname="pres.auxiliary.work.testcase.WriteTestCaseTest" name="addExceptTest" time="0.055"/>
  <testcase classname="pres.auxiliary.work.testcase.WriteTestCaseTest" name="endTest" time="0.058"/>
  <testcase classname="pres.auxiliary.work.testcase.WriteTestCaseTest" name="setReplactWordTest" time="0.028"/>
  <testcase classname="pres.auxiliary.work.testcase.WriteTestCaseTest" name="addContextTest" time="0.024"/>
  <testcase classname="pres.auxiliary.work.testcase.WriteTestCaseTest" name="fieldBackgroundTest" time="0.037"/>
  <testcase classname="pres.auxiliary.work.testcase.WriteTestCaseTest" name="rowBackgroundTest" time="0.043"/>
  <testcase classname="pres.auxiliary.work.testcase.WriteTestCaseTest" name="setPresupposeFieldTest">
    <skipped/>
  </testcase> <!-- setPresupposeFieldTest -->
</testsuite> <!-- pres.auxiliary.work.testcase.WriteTestCaseTest -->
