<?xml version="1.0" encoding="UTF-8"?>
<!-- Generated by org.testng.reporters.JUnitReportReporter -->
<testsuite hostname="E8WPO9ZF7HLPHVE" failures="0" tests="1" name="pres.auxiliary.work.testcase.WriteTestCaseTest_WriteCase" time="0.042" errors="0" timestamp="2 Mar 2020 11:49:29 GMT">
  <testcase classname="pres.auxiliary.work.testcase.WriteTestCaseTest_WriteCase" name="step_01" time="0.042"/>
</testsuite> <!-- pres.auxiliary.work.testcase.WriteTestCaseTest_WriteCase -->
